{"message":"could not get the genres","stack":"Error: could not get the genres\n    at genreRoute.get.TryCatch_Mid (F:\\web projects\\vidly\\routes\\genres.js:16:9)\n    at F:\\web projects\\vidly\\middleware\\TryCatch.js:4:15\n    at Layer.handle [as handle_request] (F:\\web projects\\vidly\\node_modules\\express\\lib\\router\\layer.js:95:5)\n    at next (F:\\web projects\\vidly\\node_modules\\express\\lib\\router\\route.js:137:13)\n    at Route.dispatch (F:\\web projects\\vidly\\node_modules\\express\\lib\\router\\route.js:112:3)\n    at Layer.handle [as handle_request] (F:\\web projects\\vidly\\node_modules\\express\\lib\\router\\layer.js:95:5)\n    at F:\\web projects\\vidly\\node_modules\\express\\lib\\router\\index.js:281:22\n    at Function.process_params (F:\\web projects\\vidly\\node_modules\\express\\lib\\router\\index.js:335:12)\n    at next (F:\\web projects\\vidly\\node_modules\\express\\lib\\router\\index.js:275:10)\n    at Function.handle (F:\\web projects\\vidly\\node_modules\\express\\lib\\router\\index.js:174:3)\n    at router (F:\\web projects\\vidly\\node_modules\\express\\lib\\router\\index.js:47:12)\n    at Layer.handle [as handle_request] (F:\\web projects\\vidly\\node_modules\\express\\lib\\router\\layer.js:95:5)\n    at trim_prefix (F:\\web projects\\vidly\\node_modules\\express\\lib\\router\\index.js:317:13)\n    at F:\\web projects\\vidly\\node_modules\\express\\lib\\router\\index.js:284:7\n    at Function.process_params (F:\\web projects\\vidly\\node_modules\\express\\lib\\router\\index.js:335:12)\n    at next (F:\\web projects\\vidly\\node_modules\\express\\lib\\router\\index.js:275:10)\n    at F:\\web projects\\vidly\\node_modules\\body-parser\\lib\\read.js:130:5\n    at invokeCallback (F:\\web projects\\vidly\\node_modules\\raw-body\\index.js:224:16)\n    at done (F:\\web projects\\vidly\\node_modules\\raw-body\\index.js:213:7)\n    at IncomingMessage.onEnd (F:\\web projects\\vidly\\node_modules\\raw-body\\index.js:273:7)\n    at IncomingMessage.emit (events.js:203:15)\n    at endReadableNT (_stream_readable.js:1145:12)","level":"error","timestamp":"2019-09-29T13:47:29.864Z"}
{"level":"info","message":"Connected to MongoDB...","timestamp":"2019-09-29T13:54:38.403Z"}
{"level":"info","message":"Listening on port 3000...","timestamp":"2019-10-01T07:40:49.424Z"}
{"message":"failed to connect to server [localhost:27017] on first connect [MongoNetworkError: connect ECONNREFUSED 127.0.0.1:27017]","stack":"MongoNetworkError: failed to connect to server [localhost:27017] on first connect [MongoNetworkError: connect ECONNREFUSED 127.0.0.1:27017]\n    at Pool.<anonymous> (F:\\web projects\\vidly\\node_modules\\mongodb\\lib\\core\\topologies\\server.js:431:11)\n    at Pool.emit (events.js:198:13)\n    at connect (F:\\web projects\\vidly\\node_modules\\mongodb\\lib\\core\\connection\\pool.js:580:14)\n    at makeConnection (F:\\web projects\\vidly\\node_modules\\mongodb\\lib\\core\\connection\\connect.js:39:11)\n    at callback (F:\\web projects\\vidly\\node_modules\\mongodb\\lib\\core\\connection\\connect.js:261:5)\n    at Socket.err (F:\\web projects\\vidly\\node_modules\\mongodb\\lib\\core\\connection\\connect.js:286:7)\n    at Object.onceWrapper (events.js:286:20)\n    at Socket.emit (events.js:198:13)\n    at emitErrorNT (internal/streams/destroy.js:91:8)\n    at emitErrorAndCloseNT (internal/streams/destroy.js:59:3)\n    at process._tickCallback (internal/process/next_tick.js:63:19)","name":"MongoNetworkError","errorLabels":["TransientTransactionError"],"level":"error","timestamp":"2019-10-01T07:40:51.437Z"}
{"level":"info","message":"Listening on port 3000...","timestamp":"2019-10-01T07:41:53.297Z"}
{"level":"info","message":"Connected to mongodb://localhost/vidly ","timestamp":"2019-10-01T07:41:54.356Z"}
{"level":"info","message":"Listening on port 3000...","timestamp":"2019-10-01T07:44:07.403Z"}
{"level":"info","message":"Connected to mongodb://localhost/vidly_test ","timestamp":"2019-10-01T07:44:08.429Z"}
{"level":"info","message":"Listening on port 3000...","timestamp":"2019-10-01T09:23:15.598Z"}
{"message":"failed to connect to server [localhost:27017] on first connect [MongoNetworkError: connect ECONNREFUSED 127.0.0.1:27017]","stack":"MongoNetworkError: failed to connect to server [localhost:27017] on first connect [MongoNetworkError: connect ECONNREFUSED 127.0.0.1:27017]\n    at Pool.<anonymous> (F:\\web projects\\vidly\\node_modules\\mongodb\\lib\\core\\topologies\\server.js:431:11)\n    at Pool.emit (events.js:198:13)\n    at connect (F:\\web projects\\vidly\\node_modules\\mongodb\\lib\\core\\connection\\pool.js:580:14)\n    at makeConnection (F:\\web projects\\vidly\\node_modules\\mongodb\\lib\\core\\connection\\connect.js:39:11)\n    at callback (F:\\web projects\\vidly\\node_modules\\mongodb\\lib\\core\\connection\\connect.js:261:5)\n    at Socket.err (F:\\web projects\\vidly\\node_modules\\mongodb\\lib\\core\\connection\\connect.js:286:7)\n    at Object.onceWrapper (events.js:286:20)\n    at Socket.emit (events.js:198:13)\n    at emitErrorNT (internal/streams/destroy.js:91:8)\n    at emitErrorAndCloseNT (internal/streams/destroy.js:59:3)\n    at process._tickCallback (internal/process/next_tick.js:63:19)","name":"MongoNetworkError","errorLabels":["TransientTransactionError"],"level":"error","timestamp":"2019-10-01T09:23:17.641Z"}
{"level":"info","message":"Listening on port 3000...","timestamp":"2019-10-01T09:26:16.766Z"}
{"message":"failed to connect to server [localhost:27017] on first connect [MongoNetworkError: connect ECONNREFUSED 127.0.0.1:27017]","stack":"MongoNetworkError: failed to connect to server [localhost:27017] on first connect [MongoNetworkError: connect ECONNREFUSED 127.0.0.1:27017]\n    at Pool.<anonymous> (F:\\web projects\\vidly\\node_modules\\mongodb\\lib\\core\\topologies\\server.js:431:11)\n    at Pool.emit (events.js:198:13)\n    at connect (F:\\web projects\\vidly\\node_modules\\mongodb\\lib\\core\\connection\\pool.js:580:14)\n    at makeConnection (F:\\web projects\\vidly\\node_modules\\mongodb\\lib\\core\\connection\\connect.js:39:11)\n    at callback (F:\\web projects\\vidly\\node_modules\\mongodb\\lib\\core\\connection\\connect.js:261:5)\n    at Socket.err (F:\\web projects\\vidly\\node_modules\\mongodb\\lib\\core\\connection\\connect.js:286:7)\n    at Object.onceWrapper (events.js:286:20)\n    at Socket.emit (events.js:198:13)\n    at emitErrorNT (internal/streams/destroy.js:91:8)\n    at emitErrorAndCloseNT (internal/streams/destroy.js:59:3)\n    at process._tickCallback (internal/process/next_tick.js:63:19)","name":"MongoNetworkError","errorLabels":["TransientTransactionError"],"level":"error","timestamp":"2019-10-01T09:26:18.778Z"}
{"level":"info","message":"Listening on port 3000...","timestamp":"2019-10-01T09:29:15.040Z"}
{"level":"info","message":"Connected to mongodb://localhost/vidly_test ","timestamp":"2019-10-01T09:29:16.067Z"}
{"level":"info","message":"Listening on port 3000...","timestamp":"2019-10-06T10:29:48.636Z"}
{"level":"info","message":"Connected to mongodb://localhost/vidly_test ","timestamp":"2019-10-06T10:29:49.677Z"}
{"level":"info","message":"Listening on port 3000...","timestamp":"2019-10-06T10:31:41.310Z"}
{"level":"info","message":"Connected to mongodb://localhost/vidly_test ","timestamp":"2019-10-06T10:31:42.348Z"}
{"level":"info","message":"Listening on port 3000...","timestamp":"2019-10-06T10:35:40.137Z"}
{"level":"info","message":"Connected to mongodb://localhost/vidly_test ","timestamp":"2019-10-06T10:35:41.176Z"}
{"level":"info","message":"Listening on port 3000...","timestamp":"2019-10-06T10:42:37.744Z"}
{"level":"info","message":"Connected to mongodb://localhost/vidly_test ","timestamp":"2019-10-06T10:42:38.782Z"}
{"level":"info","message":"Listening on port 3000...","timestamp":"2019-10-06T10:43:31.463Z"}
{"level":"info","message":"Connected to mongodb://localhost/vidly_test ","timestamp":"2019-10-06T10:43:32.525Z"}
{"level":"info","message":"Listening on port 3000...","timestamp":"2019-10-06T10:44:24.580Z"}
{"level":"info","message":"Connected to mongodb://localhost/vidly_test ","timestamp":"2019-10-06T10:44:25.618Z"}
{"level":"info","message":"Listening on port 3000...","timestamp":"2019-10-06T10:44:47.379Z"}
{"level":"info","message":"Connected to mongodb://localhost/vidly_test ","timestamp":"2019-10-06T10:44:48.432Z"}
{"level":"info","message":"Listening on port 3000...","timestamp":"2019-10-06T10:48:27.530Z"}
{"level":"info","message":"Connected to mongodb://localhost/vidly_test ","timestamp":"2019-10-06T10:48:28.572Z"}
{"level":"info","message":"Listening on port 3000...","timestamp":"2019-10-06T11:12:02.400Z"}
{"level":"info","message":"Connected to mongodb://localhost/vidly_test ","timestamp":"2019-10-06T11:12:03.458Z"}
{"level":"info","message":"Listening on port 3000...","timestamp":"2019-10-06T11:12:15.390Z"}
{"level":"info","message":"Connected to mongodb://localhost/vidly_test ","timestamp":"2019-10-06T11:12:16.437Z"}
{"level":"info","message":"Listening on port 3000...","timestamp":"2019-10-06T15:00:28.637Z"}
{"level":"info","message":"Connected to mongodb://localhost/vidly_test ","timestamp":"2019-10-06T15:00:29.676Z"}
{"level":"info","message":"Listening on port 3000...","timestamp":"2019-10-06T15:01:53.802Z"}
{"level":"info","message":"Connected to mongodb://localhost/vidly_test ","timestamp":"2019-10-06T15:01:54.826Z"}
{"level":"info","message":"Listening on port 3000...","timestamp":"2019-10-06T15:07:26.698Z"}
{"level":"info","message":"Connected to mongodb://localhost/vidly_test ","timestamp":"2019-10-06T15:07:27.724Z"}
{"level":"info","message":"Listening on port 3000...","timestamp":"2019-10-06T15:10:26.077Z"}
{"level":"info","message":"Connected to mongodb://localhost/vidly_test ","timestamp":"2019-10-06T15:10:27.105Z"}
{"level":"info","message":"Listening on port 3000...","timestamp":"2019-10-06T15:10:52.617Z"}
{"level":"info","message":"Connected to mongodb://localhost/vidly_test ","timestamp":"2019-10-06T15:10:53.645Z"}
{"level":"info","message":"Listening on port 3000...","timestamp":"2019-10-06T15:11:22.560Z"}
{"level":"info","message":"Connected to mongodb://localhost/vidly_test ","timestamp":"2019-10-06T15:11:23.588Z"}
{"level":"info","message":"Listening on port 3000...","timestamp":"2019-10-07T03:10:13.135Z"}
{"level":"info","message":"Connected to mongodb://localhost/vidly_test ","timestamp":"2019-10-07T03:10:14.177Z"}
{"level":"info","message":"Listening on port 3000...","timestamp":"2019-10-07T03:10:26.719Z"}
{"level":"info","message":"Connected to mongodb://localhost/vidly_test ","timestamp":"2019-10-07T03:10:27.754Z"}
{"level":"info","message":"Listening on port 3000...","timestamp":"2019-10-07T03:12:33.749Z"}
{"level":"info","message":"Connected to mongodb://localhost/vidly_test ","timestamp":"2019-10-07T03:12:34.783Z"}
{"level":"info","message":"Listening on port 3000...","timestamp":"2019-10-07T03:12:55.028Z"}
{"level":"info","message":"Connected to mongodb://localhost/vidly_test ","timestamp":"2019-10-07T03:12:56.063Z"}
{"level":"info","message":"Listening on port 3000...","timestamp":"2019-10-07T03:20:27.291Z"}
{"level":"info","message":"Connected to mongodb://localhost/vidly_test ","timestamp":"2019-10-07T03:20:28.325Z"}
{"level":"info","message":"Listening on port 3000...","timestamp":"2019-10-07T04:33:00.822Z"}
{"level":"info","message":"Connected to mongodb://localhost/vidly_test ","timestamp":"2019-10-07T04:33:01.859Z"}
{"level":"info","message":"Listening on port 3000...","timestamp":"2019-10-07T04:33:38.931Z"}
{"level":"info","message":"Connected to mongodb://localhost/vidly_test ","timestamp":"2019-10-07T04:33:39.966Z"}
{"level":"info","message":"Listening on port 3000...","timestamp":"2019-10-07T04:34:41.864Z"}
{"level":"info","message":"Connected to mongodb://localhost/vidly_test ","timestamp":"2019-10-07T04:34:42.897Z"}
{"level":"info","message":"Listening on port 3000...","timestamp":"2019-10-07T04:37:19.388Z"}
{"level":"info","message":"Connected to mongodb://localhost/vidly_test ","timestamp":"2019-10-07T04:37:20.428Z"}
{"level":"info","message":"Listening on port 3000...","timestamp":"2019-10-07T04:38:25.319Z"}
{"level":"info","message":"Connected to mongodb://localhost/vidly_test ","timestamp":"2019-10-07T04:38:26.353Z"}
{"level":"info","message":"Listening on port 3000...","timestamp":"2019-10-07T04:38:42.634Z"}
{"level":"info","message":"Connected to mongodb://localhost/vidly_test ","timestamp":"2019-10-07T04:38:43.668Z"}
{"level":"info","message":"Listening on port 3000...","timestamp":"2019-10-07T04:40:32.497Z"}
{"level":"info","message":"Connected to mongodb://localhost/vidly_test ","timestamp":"2019-10-07T04:40:33.534Z"}
{"level":"info","message":"Listening on port 3000...","timestamp":"2019-10-07T04:42:16.657Z"}
{"level":"info","message":"Connected to mongodb://localhost/vidly_test ","timestamp":"2019-10-07T04:42:17.701Z"}
{"level":"info","message":"Listening on port 3000...","timestamp":"2019-10-07T04:51:58.286Z"}
{"level":"info","message":"Connected to mongodb://localhost/vidly_test ","timestamp":"2019-10-07T04:51:59.321Z"}
{"level":"info","message":"Listening on port 3000...","timestamp":"2019-10-07T04:52:05.729Z"}
{"level":"info","message":"Connected to mongodb://localhost/vidly_test ","timestamp":"2019-10-07T04:52:06.784Z"}
{"level":"info","message":"Listening on port 3000...","timestamp":"2019-10-07T06:41:44.148Z"}
{"level":"info","message":"Connected to mongodb://localhost/vidly_test ","timestamp":"2019-10-07T06:41:45.183Z"}
{"level":"info","message":"Listening on port 3000...","timestamp":"2019-10-07T07:50:34.046Z"}
{"level":"info","message":"Connected to mongodb://localhost/vidly_test ","timestamp":"2019-10-07T07:50:35.079Z"}
{"level":"info","message":"Listening on port 3000...","timestamp":"2019-10-07T07:51:26.031Z"}
{"level":"info","message":"Connected to mongodb://localhost/vidly_test ","timestamp":"2019-10-07T07:51:27.064Z"}
{"level":"info","message":"Listening on port 3000...","timestamp":"2019-10-07T07:51:39.404Z"}
{"level":"info","message":"Connected to mongodb://localhost/vidly_test ","timestamp":"2019-10-07T07:51:40.442Z"}
{"level":"info","message":"Listening on port 3000...","timestamp":"2019-10-07T07:56:13.210Z"}
{"level":"info","message":"Connected to mongodb://localhost/vidly_test ","timestamp":"2019-10-07T07:56:14.249Z"}
{"level":"info","message":"Listening on port 3000...","timestamp":"2019-10-07T08:41:27.703Z"}
{"level":"info","message":"Connected to mongodb://localhost/vidly_test ","timestamp":"2019-10-07T08:41:28.736Z"}
{"message":"Cast to ObjectId failed for value \"1\" at path \"_id\" for model \"Genres Collection\"","stack":"CastError: Cast to ObjectId failed for value \"1\" at path \"_id\" for model \"Genres Collection\"\n    at new CastError (F:\\web projects\\vidly\\node_modules\\mongoose\\lib\\error\\cast.js:29:11)\n    at ObjectId.Object.<anonymous>.ObjectId.cast (F:\\web projects\\vidly\\node_modules\\mongoose\\lib\\schema\\objectid.js:244:11)\n    at ObjectId.Object.<anonymous>.SchemaType.applySetters (F:\\web projects\\vidly\\node_modules\\mongoose\\lib\\schematype.js:948:12)\n    at ObjectId.Object.<anonymous>.SchemaType._castForQuery (F:\\web projects\\vidly\\node_modules\\mongoose\\lib\\schematype.js:1362:15)\n    at ObjectId.Object.<anonymous>.SchemaType.castForQuery (F:\\web projects\\vidly\\node_modules\\mongoose\\lib\\schematype.js:1352:15)\n    at ObjectId.Object.<anonymous>.SchemaType.castForQueryWrapper (F:\\web projects\\vidly\\node_modules\\mongoose\\lib\\schematype.js:1331:15)\n    at cast (F:\\web projects\\vidly\\node_modules\\mongoose\\lib\\cast.js:307:32)\n    at model.Query.Object.<anonymous>.Query.cast (F:\\web projects\\vidly\\node_modules\\mongoose\\lib\\query.js:4638:12)\n    at model.Query.Object.<anonymous>.Query._castConditions (F:\\web projects\\vidly\\node_modules\\mongoose\\lib\\query.js:1834:10)\n    at model.Query.<anonymous> (F:\\web projects\\vidly\\node_modules\\mongoose\\lib\\query.js:2089:8)\n    at model.Query._wrappedThunk [as _findOne] (F:\\web projects\\vidly\\node_modules\\mongoose\\lib\\helpers\\query\\wrapThunk.js:16:8)\n    at process.nextTick (F:\\web projects\\vidly\\node_modules\\kareem\\index.js:369:33)\n    at process._tickCallback (internal/process/next_tick.js:61:11)","name":"CastError","stringValue":"\"1\"","kind":"ObjectId","value":"1","path":"_id","level":"error","timestamp":"2019-10-07T08:41:29.781Z"}
{"level":"info","message":"Listening on port 3000...","timestamp":"2019-10-07T08:45:37.165Z"}
{"level":"info","message":"Connected to mongodb://localhost/vidly_test ","timestamp":"2019-10-07T08:45:38.199Z"}
{"level":"info","message":"Listening on port 3000...","timestamp":"2019-10-07T08:46:31.765Z"}
{"level":"info","message":"Connected to mongodb://localhost/vidly_test ","timestamp":"2019-10-07T08:46:32.799Z"}
{"level":"info","message":"Listening on port 3000...","timestamp":"2019-10-07T08:48:30.562Z"}
{"level":"info","message":"Connected to mongodb://localhost/vidly_test ","timestamp":"2019-10-07T08:48:31.598Z"}
{"level":"info","message":"Listening on port 3000...","timestamp":"2019-10-07T08:49:24.223Z"}
{"level":"info","message":"Connected to mongodb://localhost/vidly_test ","timestamp":"2019-10-07T08:49:25.261Z"}
{"level":"info","message":"Listening on port 3000...","timestamp":"2019-10-07T09:27:35.244Z"}
{"level":"info","message":"Connected to mongodb://localhost/vidly_test ","timestamp":"2019-10-07T09:27:36.283Z"}
{"level":"info","message":"Listening on port 3000...","timestamp":"2019-10-07T10:41:40.046Z"}
{"level":"info","message":"Connected to mongodb://localhost/vidly_test ","timestamp":"2019-10-07T10:41:41.082Z"}
{"level":"info","message":"Listening on port 3000...","timestamp":"2019-10-07T13:51:19.587Z"}
{"level":"info","message":"Connected to mongodb://localhost/vidly_test ","timestamp":"2019-10-07T13:51:20.621Z"}
{"level":"info","message":"Listening on port 3000...","timestamp":"2019-10-07T13:57:30.377Z"}
{"level":"info","message":"Connected to mongodb://localhost/vidly_test ","timestamp":"2019-10-07T13:57:31.426Z"}
{"level":"info","message":"Listening on port 3000...","timestamp":"2019-10-07T13:58:11.406Z"}
{"level":"info","message":"Connected to mongodb://localhost/vidly_test ","timestamp":"2019-10-07T13:58:12.445Z"}
{"level":"info","message":"Listening on port 3000...","timestamp":"2019-10-07T13:59:06.857Z"}
{"level":"info","message":"Connected to mongodb://localhost/vidly_test ","timestamp":"2019-10-07T13:59:07.896Z"}
{"level":"info","message":"Listening on port 3000...","timestamp":"2019-10-07T14:00:14.812Z"}
{"level":"info","message":"Connected to mongodb://localhost/vidly_test ","timestamp":"2019-10-07T14:00:15.852Z"}
{"level":"info","message":"Listening on port 3000...","timestamp":"2019-10-07T14:03:43.163Z"}
{"level":"info","message":"Connected to mongodb://localhost/vidly_test ","timestamp":"2019-10-07T14:03:44.199Z"}
{"level":"info","message":"Listening on port 3000...","timestamp":"2019-10-07T14:43:19.190Z"}
{"level":"info","message":"Connected to mongodb://localhost/vidly_test ","timestamp":"2019-10-07T14:43:20.231Z"}
{"level":"info","message":"Listening on port 3000...","timestamp":"2019-10-07T14:46:57.530Z"}
{"level":"info","message":"Connected to mongodb://localhost/vidly_test ","timestamp":"2019-10-07T14:46:58.566Z"}
{"level":"info","message":"Listening on port 3000...","timestamp":"2019-10-07T16:04:21.582Z"}
{"level":"info","message":"Connected to mongodb://localhost/vidly_test ","timestamp":"2019-10-07T16:04:22.714Z"}
{"level":"info","message":"Listening on port 3000...","timestamp":"2019-10-07T16:04:51.723Z"}
{"level":"info","message":"Connected to mongodb://localhost/vidly_test ","timestamp":"2019-10-07T16:04:52.769Z"}
{"level":"info","message":"Listening on port 3000...","timestamp":"2019-10-07T16:06:53.532Z"}
{"level":"info","message":"Connected to mongodb://localhost/vidly_test ","timestamp":"2019-10-07T16:06:54.571Z"}
{"level":"info","message":"Listening on port 3000...","timestamp":"2019-10-07T16:06:56.784Z"}
{"level":"info","message":"Listening on port 3000...","timestamp":"2019-10-07T16:21:38.706Z"}
{"level":"info","message":"Listening on port 3000...","timestamp":"2019-10-07T16:21:39.070Z"}
{"level":"info","message":"Connected to mongodb://localhost/vidly_test ","timestamp":"2019-10-07T16:21:39.747Z"}
{"level":"info","message":"Listening on port 3000...","timestamp":"2019-10-07T16:23:06.580Z"}
{"level":"info","message":"Connected to mongodb://localhost/vidly_test ","timestamp":"2019-10-07T16:23:07.606Z"}
{"level":"info","message":"Connected to mongodb://localhost/vidly_test ","timestamp":"2019-10-07T16:23:07.646Z"}
{"level":"info","message":"Listening on port 3000...","timestamp":"2019-10-07T16:23:07.663Z"}
{"level":"info","message":"Listening on port 3000...","timestamp":"2019-10-07T17:07:45.807Z"}
{"level":"info","message":"Listening on port 3000...","timestamp":"2019-10-07T17:07:46.120Z"}
{"level":"info","message":"Connected to mongodb://localhost/vidly_test ","timestamp":"2019-10-07T17:07:46.846Z"}
{"level":"info","message":"Listening on port 3000...","timestamp":"2019-10-07T17:08:10.637Z"}
{"level":"info","message":"Connected to mongodb://localhost/vidly_test ","timestamp":"2019-10-07T17:08:11.664Z"}
{"level":"info","message":"Connected to mongodb://localhost/vidly_test ","timestamp":"2019-10-07T17:08:11.819Z"}
{"level":"info","message":"Listening on port 3000...","timestamp":"2019-10-07T17:08:11.832Z"}
{"level":"info","message":"Listening on port 3000...","timestamp":"2019-10-07T17:08:57.130Z"}
{"level":"info","message":"Listening on port 3000...","timestamp":"2019-10-07T17:08:57.397Z"}
{"level":"info","message":"Connected to mongodb://localhost/vidly_test ","timestamp":"2019-10-07T17:08:58.165Z"}
{"level":"info","message":"Listening on port 3000...","timestamp":"2019-10-07T17:13:30.545Z"}
{"level":"info","message":"Listening on port 3000...","timestamp":"2019-10-07T17:13:30.890Z"}
{"level":"info","message":"Connected to mongodb://localhost/vidly_test ","timestamp":"2019-10-07T17:13:31.586Z"}
{"level":"info","message":"Listening on port 3000...","timestamp":"2019-10-07T17:16:48.347Z"}
{"level":"info","message":"Listening on port 3000...","timestamp":"2019-10-07T17:16:48.368Z"}
{"level":"info","message":"Connected to mongodb://localhost/vidly_test ","timestamp":"2019-10-07T17:16:49.384Z"}
{"level":"info","message":"Connected to mongodb://localhost/vidly_test ","timestamp":"2019-10-07T17:16:49.443Z"}
{"level":"info","message":"Listening on port 3000...","timestamp":"2019-10-07T17:18:51.052Z"}
{"level":"info","message":"Connected to mongodb://localhost/vidly_test ","timestamp":"2019-10-07T17:18:52.077Z"}
{"level":"info","message":"Connected to mongodb://localhost/vidly_test ","timestamp":"2019-10-07T17:18:52.113Z"}
{"level":"info","message":"Listening on port 3000...","timestamp":"2019-10-07T17:18:52.128Z"}
{"level":"info","message":"Listening on port 3000...","timestamp":"2019-10-07T17:19:54.162Z"}
{"level":"info","message":"Connected to mongodb://localhost/vidly_test ","timestamp":"2019-10-07T17:19:55.199Z"}
{"level":"info","message":"Listening on port 3000...","timestamp":"2019-10-07T17:20:23.204Z"}
{"level":"info","message":"Listening on port 3000...","timestamp":"2019-10-07T17:20:23.629Z"}
{"level":"info","message":"Connected to mongodb://localhost/vidly_test ","timestamp":"2019-10-07T17:20:24.246Z"}
{"level":"info","message":"Connected to mongodb://localhost/vidly_test ","timestamp":"2019-10-07T17:20:24.717Z"}
{"level":"info","message":"Listening on port 3000...","timestamp":"2019-10-07T17:25:42.182Z"}
{"level":"info","message":"Connected to mongodb://localhost/vidly_test ","timestamp":"2019-10-07T17:25:43.206Z"}
{"level":"info","message":"Listening on port 3000...","timestamp":"2019-10-07T17:26:08.176Z"}
{"level":"info","message":"Connected to mongodb://localhost/vidly_test ","timestamp":"2019-10-07T17:26:09.208Z"}
{"level":"info","message":"Listening on port 3000...","timestamp":"2019-10-07T17:26:52.938Z"}
{"level":"info","message":"Listening on port 3000...","timestamp":"2019-10-07T17:26:53.379Z"}
{"level":"info","message":"Connected to mongodb://localhost/vidly_test ","timestamp":"2019-10-07T17:26:53.964Z"}
{"level":"info","message":"Connected to mongodb://localhost/vidly_test ","timestamp":"2019-10-07T17:26:54.415Z"}
{"level":"info","message":"Listening on port 3000...","timestamp":"2019-10-07T17:27:20.763Z"}
{"level":"info","message":"Connected to mongodb://localhost/vidly_test ","timestamp":"2019-10-07T17:27:21.791Z"}
{"level":"info","message":"Connected to mongodb://localhost/vidly_test ","timestamp":"2019-10-07T17:27:21.821Z"}
{"level":"info","message":"Listening on port 3000...","timestamp":"2019-10-07T17:27:21.835Z"}
{"level":"info","message":"Listening on port 3000...","timestamp":"2019-10-07T17:27:40.521Z"}
{"level":"info","message":"Connected to mongodb://localhost/vidly_test ","timestamp":"2019-10-07T17:27:41.555Z"}
{"level":"info","message":"Listening on port 3000...","timestamp":"2019-10-07T17:29:07.648Z"}
{"level":"info","message":"Listening on port 3000...","timestamp":"2019-10-07T17:29:08.065Z"}
{"level":"info","message":"Connected to mongodb://localhost/vidly_test ","timestamp":"2019-10-07T17:29:08.690Z"}
{"level":"info","message":"Connected to mongodb://localhost/vidly_test ","timestamp":"2019-10-07T17:29:09.146Z"}
{"level":"info","message":"Listening on port 3000...","timestamp":"2019-10-08T06:41:44.324Z"}
{"level":"info","message":"Listening on port 3000...","timestamp":"2019-10-08T06:41:44.342Z"}
{"level":"info","message":"Connected to mongodb://localhost/vidly_test ","timestamp":"2019-10-08T06:41:45.488Z"}
{"level":"info","message":"Connected to mongodb://localhost/vidly_test ","timestamp":"2019-10-08T06:41:45.520Z"}
{"level":"info","message":"Listening on port 3000...","timestamp":"2019-10-08T07:28:28.982Z"}
{"level":"info","message":"Connected to mongodb://localhost/vidly_test ","timestamp":"2019-10-08T07:28:30.010Z"}
{"level":"info","message":"Listening on port 3000...","timestamp":"2019-10-08T07:28:30.371Z"}
{"level":"info","message":"Connected to mongodb://localhost/vidly_test ","timestamp":"2019-10-08T07:28:31.391Z"}
{"level":"info","message":"Listening on port 3000...","timestamp":"2019-10-08T07:33:12.010Z"}
{"level":"info","message":"Connected to mongodb://localhost/vidly_test ","timestamp":"2019-10-08T07:33:13.021Z"}
{"level":"info","message":"Listening on port 3000...","timestamp":"2019-10-08T07:33:14.415Z"}
{"level":"info","message":"Connected to mongodb://localhost/vidly_test ","timestamp":"2019-10-08T07:33:15.428Z"}
{"level":"info","message":"Listening on port 3000...","timestamp":"2019-10-08T07:33:28.576Z"}
{"level":"info","message":"Connected to mongodb://localhost/vidly_test ","timestamp":"2019-10-08T07:33:29.588Z"}
{"level":"info","message":"Listening on port 3000...","timestamp":"2019-10-08T07:33:30.833Z"}
{"level":"info","message":"Connected to mongodb://localhost/vidly_test ","timestamp":"2019-10-08T07:33:31.848Z"}
{"level":"info","message":"Listening on port 3000...","timestamp":"2019-10-08T07:34:44.740Z"}
{"level":"info","message":"Connected to mongodb://localhost/vidly_test ","timestamp":"2019-10-08T07:34:45.754Z"}
{"level":"info","message":"Listening on port 3000...","timestamp":"2019-10-08T07:34:46.986Z"}
{"level":"info","message":"Connected to mongodb://localhost/vidly_test ","timestamp":"2019-10-08T07:34:48.032Z"}
{"level":"info","message":"Listening on port 3000...","timestamp":"2019-10-08T10:14:19.124Z"}
{"level":"info","message":"Connected to mongodb://localhost/vidly_test ","timestamp":"2019-10-08T10:14:20.136Z"}
{"level":"info","message":"Listening on port 3000...","timestamp":"2019-10-08T10:14:21.454Z"}
{"level":"info","message":"Connected to mongodb://localhost/vidly_test ","timestamp":"2019-10-08T10:14:22.493Z"}
{"level":"info","message":"Listening on port 3000...","timestamp":"2019-10-08T10:19:09.382Z"}
{"level":"info","message":"Connected to mongodb://localhost/vidly_test ","timestamp":"2019-10-08T10:19:10.397Z"}
{"level":"info","message":"Listening on port 3000...","timestamp":"2019-10-08T10:19:11.703Z"}
{"level":"info","message":"Connected to mongodb://localhost/vidly_test ","timestamp":"2019-10-08T10:19:12.741Z"}
{"level":"info","message":"Listening on port 3000...","timestamp":"2019-10-08T10:22:54.354Z"}
{"level":"info","message":"Connected to mongodb://localhost/vidly_test ","timestamp":"2019-10-08T10:22:55.369Z"}
{"level":"info","message":"Listening on port 3000...","timestamp":"2019-10-08T10:22:56.659Z"}
{"level":"info","message":"Connected to mongodb://localhost/vidly_test ","timestamp":"2019-10-08T10:22:57.671Z"}
{"level":"info","message":"Listening on port 3000...","timestamp":"2019-10-08T10:31:29.358Z"}
{"level":"info","message":"Connected to mongodb://localhost/vidly_test ","timestamp":"2019-10-08T10:31:30.397Z"}
{"level":"info","message":"Listening on port 3000...","timestamp":"2019-10-08T10:31:31.812Z"}
{"level":"info","message":"Connected to mongodb://localhost/vidly_test ","timestamp":"2019-10-08T10:31:32.823Z"}
{"level":"info","message":"Listening on port 3000...","timestamp":"2019-10-08T10:33:40.073Z"}
{"level":"info","message":"Connected to mongodb://localhost/vidly_test ","timestamp":"2019-10-08T10:33:41.086Z"}
{"level":"info","message":"Listening on port 3000...","timestamp":"2019-10-08T10:33:42.384Z"}
{"level":"info","message":"Connected to mongodb://localhost/vidly_test ","timestamp":"2019-10-08T10:33:43.402Z"}
{"level":"info","message":"Listening on port 3000...","timestamp":"2019-10-08T10:34:28.125Z"}
{"level":"info","message":"Connected to mongodb://localhost/vidly_test ","timestamp":"2019-10-08T10:34:29.138Z"}
{"level":"info","message":"Listening on port 3000...","timestamp":"2019-10-08T10:34:30.434Z"}
{"level":"info","message":"Connected to mongodb://localhost/vidly_test ","timestamp":"2019-10-08T10:34:31.445Z"}
{"level":"info","message":"Listening on port 3000...","timestamp":"2019-10-08T10:34:38.041Z"}
{"level":"info","message":"Connected to mongodb://localhost/vidly_test ","timestamp":"2019-10-08T10:34:39.053Z"}
{"level":"info","message":"Listening on port 3000...","timestamp":"2019-10-08T10:34:40.340Z"}
{"level":"info","message":"Connected to mongodb://localhost/vidly_test ","timestamp":"2019-10-08T10:34:41.377Z"}
{"level":"info","message":"Listening on port 3000...","timestamp":"2019-10-08T10:34:50.754Z"}
{"level":"info","message":"Connected to mongodb://localhost/vidly_test ","timestamp":"2019-10-08T10:34:51.766Z"}
{"level":"info","message":"Listening on port 3000...","timestamp":"2019-10-08T10:34:53.046Z"}
{"level":"info","message":"Connected to mongodb://localhost/vidly_test ","timestamp":"2019-10-08T10:34:54.062Z"}
{"level":"info","message":"Listening on port 3000...","timestamp":"2019-10-08T10:36:02.561Z"}
{"level":"info","message":"Connected to mongodb://localhost/vidly_test ","timestamp":"2019-10-08T10:36:03.691Z"}
{"level":"info","message":"Listening on port 3000...","timestamp":"2019-10-08T10:36:05.013Z"}
{"level":"info","message":"Connected to mongodb://localhost/vidly_test ","timestamp":"2019-10-08T10:36:06.022Z"}
{"level":"info","message":"Listening on port 3000...","timestamp":"2019-10-08T10:40:46.507Z"}
{"level":"info","message":"Connected to mongodb://localhost/vidly_test ","timestamp":"2019-10-08T10:40:47.518Z"}
{"level":"info","message":"Listening on port 3000...","timestamp":"2019-10-08T10:40:49.218Z"}
{"level":"info","message":"Connected to mongodb://localhost/vidly_test ","timestamp":"2019-10-08T10:40:50.236Z"}
{"level":"info","message":"Listening on port 3000...","timestamp":"2019-10-08T10:41:03.638Z"}
{"level":"info","message":"Connected to mongodb://localhost/vidly_test ","timestamp":"2019-10-08T10:41:04.672Z"}
{"level":"info","message":"Listening on port 3000...","timestamp":"2019-10-08T10:41:06.067Z"}
{"level":"info","message":"Connected to mongodb://localhost/vidly_test ","timestamp":"2019-10-08T10:41:07.084Z"}
{"level":"info","message":"Listening on port 3000...","timestamp":"2019-10-08T10:41:58.604Z"}
{"level":"info","message":"Connected to mongodb://localhost/vidly_test ","timestamp":"2019-10-08T10:41:59.616Z"}
{"level":"info","message":"Listening on port 3000...","timestamp":"2019-10-08T10:42:00.994Z"}
{"level":"info","message":"Connected to mongodb://localhost/vidly_test ","timestamp":"2019-10-08T10:42:02.041Z"}
{"level":"info","message":"Listening on port 3000...","timestamp":"2019-10-08T10:42:31.818Z"}
{"level":"info","message":"Connected to mongodb://localhost/vidly_test ","timestamp":"2019-10-08T10:42:32.830Z"}
{"level":"info","message":"Listening on port 3000...","timestamp":"2019-10-08T10:42:34.124Z"}
{"level":"info","message":"Connected to mongodb://localhost/vidly_test ","timestamp":"2019-10-08T10:42:35.137Z"}
{"level":"info","message":"Listening on port 3000...","timestamp":"2019-10-08T13:42:52.304Z"}
{"level":"info","message":"Connected to mongodb://localhost/vidly_test ","timestamp":"2019-10-08T13:42:53.356Z"}
{"level":"info","message":"Listening on port 3000...","timestamp":"2019-10-08T13:42:54.730Z"}
{"level":"info","message":"Connected to mongodb://localhost/vidly_test ","timestamp":"2019-10-08T13:42:55.741Z"}
{"level":"info","message":"Listening on port 3000...","timestamp":"2019-10-08T13:48:15.313Z"}
{"level":"info","message":"Connected to mongodb://localhost/vidly_test ","timestamp":"2019-10-08T13:48:16.328Z"}
{"level":"info","message":"Listening on port 3000...","timestamp":"2019-10-08T13:48:17.791Z"}
{"level":"info","message":"Connected to mongodb://localhost/vidly_test ","timestamp":"2019-10-08T13:48:18.806Z"}
{"level":"info","message":"Listening on port 3000...","timestamp":"2019-10-08T14:50:13.875Z"}
{"level":"info","message":"Connected to mongodb://localhost/vidly ","timestamp":"2019-10-08T14:50:14.902Z"}
{"level":"info","message":"Listening on port 3000...","timestamp":"2019-10-08T14:51:52.959Z"}
{"level":"info","message":"Connected to mongodb://localhost/vidly ","timestamp":"2019-10-08T14:51:53.998Z"}
{"level":"info","message":"Listening on port 3000...","timestamp":"2019-10-08T15:21:42.462Z"}
{"message":"failed to connect to server [localhost:27017] on first connect [MongoNetworkError: connect ECONNREFUSED 127.0.0.1:27017]","stack":"MongoNetworkError: failed to connect to server [localhost:27017] on first connect [MongoNetworkError: connect ECONNREFUSED 127.0.0.1:27017]\n    at Pool.<anonymous> (F:\\web projects\\vidly\\node_modules\\mongodb\\lib\\core\\topologies\\server.js:431:11)\n    at Pool.emit (events.js:198:13)\n    at connect (F:\\web projects\\vidly\\node_modules\\mongodb\\lib\\core\\connection\\pool.js:580:14)\n    at makeConnection (F:\\web projects\\vidly\\node_modules\\mongodb\\lib\\core\\connection\\connect.js:39:11)\n    at callback (F:\\web projects\\vidly\\node_modules\\mongodb\\lib\\core\\connection\\connect.js:261:5)\n    at Socket.err (F:\\web projects\\vidly\\node_modules\\mongodb\\lib\\core\\connection\\connect.js:286:7)\n    at Object.onceWrapper (events.js:286:20)\n    at Socket.emit (events.js:198:13)\n    at emitErrorNT (internal/streams/destroy.js:91:8)\n    at emitErrorAndCloseNT (internal/streams/destroy.js:59:3)\n    at process._tickCallback (internal/process/next_tick.js:63:19)","name":"MongoNetworkError","errorLabels":["TransientTransactionError"],"level":"error","timestamp":"2019-10-08T15:21:44.477Z"}
{"level":"info","message":"Listening on port 3000...","timestamp":"2019-10-08T15:22:04.467Z"}
{"level":"info","message":"Connected to mongodb://localhost/vidly ","timestamp":"2019-10-08T15:22:05.502Z"}
